<?xml version="1.0" encoding="UTF-8" ?>
<testsuites>
  <testsuite errors="0" failures="0" hostname="romina-Latitude-E5550" id="0" name="TaskServiceIntegrationSpec" package="com.tekdays" tests="1" time="2.629" timestamp="2016-02-22T15:28:38">
      <properties />

      <testcase classname="com.tekdays.TaskServiceIntegrationSpec" name="test something" time="2.424" />

      <system-out><![CDATA[--Output from test something--
]]></system-out>

      <system-err><![CDATA[--Output from test something--
]]></system-err>

  </testsuite>
</testsuites>
